Running Gradle task 'assembleRelease'...                        

FAILURE: Build failed with an exception.

* What went wrong:
Execution failed for task ':receive_sharing_intent:compileReleaseKotlin'.
> Inconsistent JVM-target compatibility detected for tasks 'compileReleaseJavaWithJavac' (1.8) and 'compileReleaseKotlin' (21).

  Consider using JVM Toolchain: https://kotl.in/gradle/jvm/toolchain
  Learn more about JVM-target validation: https://kotl.in/gradle/jvm/target-validation 

* Try:
> Run with --stacktrace option to get the stack trace.
> Run with --info or --debug option to get more log output.
> Run with --scan to get full insights.
> Get more help at https://help.gradle.org.

BUILD FAILED in 4s
Running Gradle task 'assembleRelease'...                            4.5s
Gradle task assembleRelease failed with exit code 1
